<?xml version="1.0" encoding="UTF-8"?>
<testsuite xmlns:xsi="http://www.w3.org/2001/XMLSchema-instance" xsi:noNamespaceSchemaLocation="https://maven.apache.org/surefire/maven-surefire-plugin/xsd/surefire-test-report.xsd" name="Logic.GameTest" time="0.078" tests="6" errors="0" skipped="0" failures="2">
  <properties>
[...]
</properties>
  <testcase name="changeTurn" classname="Logic.GameTest" time="0.032"/>
  <testcase name="startGameRedPieceHasCurrentAtTurnTest" classname="Logic.GameTest" time="0.022">
    <failure message="expected: &lt;null&gt; but was: &lt;Model.Player@45752059&gt;" type="org.opentest4j.AssertionFailedError"><![CDATA[org.opentest4j.AssertionFailedError: expected: <null> but was: <Model.Player@45752059>
	at Logic.GameTest.startGameRedPieceHasCurrentAtTurnTest(GameTest.java:48)
]]></failure>
  </testcase>
  <testcase name="startGameWithNoRegisteredPlayersTest" classname="Logic.GameTest" time="0.002">
    <failure message="expected: &lt;false&gt; but was: &lt;true&gt;" type="org.opentest4j.AssertionFailedError"><![CDATA[org.opentest4j.AssertionFailedError: expected: <false> but was: <true>
	at Logic.GameTest.startGameWithNoRegisteredPlayersTest(GameTest.java:30)
]]></failure>
  </testcase>
  <testcase name="useMoveIsMoveListClearedTest" classname="Logic.GameTest" time="0"/>
  <testcase name="isKillMovePossible" classname="Logic.GameTest" time="0"/>
  <testcase name="startGameWith2RegisteredPlayersTest" classname="Logic.GameTest" time="0.002"/>
</testsuite>